[Licensing::Module] Trying to connect to existing licensing client channel...
Built from '6000.3/staging' branch; Version is '6000.3.10f1 (e35f0c77bd8e) revision 14901004'; Using compiler version '194234433'; Build Type 'Release'
OS: 'Windows 11  (10.0.26200) Core' Language: 'en' Physical Memory: 15774 MB
[Licensing::IpcConnector] Channel LicenseClient-Ajay Kumaran doesn't exist
BatchMode: 1, IsHumanControllingUs: 0, StartBugReporterOnCrash: 0, Is64bit: 1
System  architecture: x64
Process architecture: x64
Date: 2026-05-03T19:57:25Z
[Licensing::Module] Successfully launched the LicensingClient (PId: 20636)

COMMAND LINE ARGUMENTS:
C:\Program Files\Unity\Hub\Editor\6000.3.10f1\Editor\Unity.exe
-batchmode
-quit
-projectPath
C:\Users\Ajay Kumaran\Desktop\Classes\Video Games\B-Tier-Hoops
-executeMethod
CourtBuilder.BuildGameSceneVsF
-logFile
C:\Users\Ajay Kumaran\Desktop\Classes\Video Games\B-Tier-Hoops\build-gamemethod.log
Successfully changed project path to: C:\Users\Ajay Kumaran\Desktop\Classes\Video Games\B-Tier-Hoops
C:/Users/Ajay Kumaran/Desktop/Classes/Video Games/B-Tier-Hoops
DisplayDialog: Recovering Scene Backups Scene backups from a previous Editor session have been detected. Your scene might have been backed up when an Editor instance did not close correctly. 

Do you want to copy and preserve these backups in Assets/_Recovery/?
This should not be called in batch mode.
[UnityMemory] Configuration Parameters - Can be set up in boot.config
    "memorysetup-temp-allocator-size-nav-mesh-worker=65536"
    "memorysetup-temp-allocator-size-audio-worker=65536"
    "memorysetup-temp-allocator-size-gfx=262144"
    "memorysetup-allocator-temp-initial-block-size-main=262144"
    "memorysetup-allocator-temp-initial-block-size-worker=262144"
    "memorysetup-temp-allocator-size-background-worker=32768"
    "memorysetup-temp-allocator-size-job-worker=262144"
    "memorysetup-temp-allocator-size-preload-manager=33554432"
    "memorysetup-temp-allocator-size-gi-baking-worker=262144"
    "memorysetup-temp-allocator-size-gi-baking-worker=262144"
    "memorysetup-temp-allocator-size-gi-baking-worker=262144"
    "memorysetup-temp-allocator-size-gi-baking-worker=262144"
    "memorysetup-temp-allocator-size-gi-baking-worker=262144"
    "memorysetup-bucket-allocator-granularity=16"
    "memorysetup-bucket-allocator-bucket-count=8"
    "memorysetup-bucket-allocator-block-size=33554432"
    "memorysetup-bucket-allocator-block-count=8"
    "memorysetup-main-allocator-block-size=16777216"
    "memorysetup-thread-allocator-block-size=16777216"
    "memorysetup-gfx-main-allocator-block-size=16777216"
    "memorysetup-gfx-thread-allocator-block-size=16777216"
    "memorysetup-cache-allocator-block-size=4194304"
    "memorysetup-typetree-allocator-block-size=2097152"
    "memorysetup-profiler-bucket-allocator-granularity=16"
    "memorysetup-profiler-bucket-allocator-bucket-count=8"
    "memorysetup-profiler-bucket-allocator-block-size=33554432"
    "memorysetup-profiler-bucket-allocator-block-count=8"
    "memorysetup-profiler-allocator-block-size=16777216"
    "memorysetup-profiler-editor-allocator-block-size=1048576"
    "memorysetup-temp-allocator-size-main=16777216"
    "memorysetup-job-temp-allocator-block-size=2097152"
    "memorysetup-job-temp-allocator-block-size-background=1048576"
    "memorysetup-job-temp-allocator-reduction-small-platforms=262144"
    "memorysetup-temp-allocator-size-cloud-worker=32768"
Player connection [36740]  Target information:

Player connection [36740]  * "[IP] 192.168.1.72 [Port] 55504 [Flags] 2 [Guid] 615276242 [EditorId] 615276242 [Version] 1048832 [Id] WindowsEditor(7,Nightwing) [Debug] 1 [PackageName] WindowsEditor [ProjectName] Editor" 

Player connection [36740] Host joined multi-casting on [225.0.0.222:54997]...
Player connection [36740] Host joined alternative multi-casting on [225.0.0.222:34997]...
Input System module state changed to: Initialized.
[Physics::Module] Initialized fallback backend.
[Physics::Module] Id: 0xdecafbad
[Licensing::IpcConnector] Successfully connected to: "LicenseClient-Ajay Kumaran" at "2026-05-03T19:57:26.4992494Z"
[Package Manager] Connected to IPC stream "Upm-27076" after 0.7 seconds.
[Licensing::Module] Licensing is not yet initialized.
[Licensing::Client] Handshaking with LicensingClient:
  Version:                 1.17.4+4293ba1
  Session Id:              ced2e40037e745b3939b528af94b2632
  Correlation Id:          3e0450797262c3f5439029fa77b30609
  External correlation Id: 8592799839463052389
  Machine Id:              dSOVi7WdyzQF8IMCgKM2V++QItk=
[Licensing::Module] Successfully connected to LicensingClient on channel: "LicenseClient-Ajay Kumaran" (connect: 0.85s, validation: 0.10s, handshake: 2.23s)
[Licensing::IpcConnector] Successfully connected to: "LicenseClient-Ajay Kumaran-notifications" at "2026-05-03T19:57:28.8275576Z"
[Licensing::Module] Connected to LicensingClient (PId: 20636, launch time: 0.01, total connection time: 3.18s)
[Licensing::Module] Error: Access token is unavailable; failed to update
[Licensing::Client] Successfully resolved entitlement details
[Licensing::Module] License group:
  Id: 20066145063178-UnityPersXXXX
  Product: Unity Personal
  Type: Assigned
  Expiration: Unlimited
[Licensing::Client] Successfully updated license, isAsync: True, time: 0.02
[Licensing::Client] Successfully resolved entitlement details
[Licensing::Module] Licensing Background thread has ended after 3.25s
[Licensing::Module] Licensing is initialized (took 2.18s).
[Licensing::Client] Successfully resolved entitlement details
Library Redirect Path: Library/
[Physics::Module] Selected backend.
[Physics::Module] Name: PhysX
[Physics::Module] Id: 0xf2b8ea05
[Physics::Module] SDK Version: 4.1.2
[Physics::Module] Integration Version: 1.0.0
[Physics::Module] Threading Mode: Multi-Threaded
Artifact Garbage Collection - Removed 3 unused hashed content files
Refreshing native plugins compatible for Editor in 1.01 ms, found 0 plugins.
Preloading 0 native plugins for Editor in 0.00 ms.
Initialize engine version: 6000.3.10f1 (e35f0c77bd8e)
[Subsystems] Discovering subsystems at path C:/Program Files/Unity/Hub/Editor/6000.3.10f1/Editor/Data/Resources/UnitySubsystems
[Subsystems] Discovering subsystems at path C:/Users/Ajay Kumaran/Desktop/Classes/Video Games/B-Tier-Hoops/Assets
GfxDevice: creating device client; kGfxThreadingModeNonThreaded
Direct3D:
    Version:  Direct3D 11.0 [level 11.1]
    Renderer: NVIDIA GeForce RTX 3060 Laptop GPU (ID=0x2520)
    Vendor:   NVIDIA
    VRAM:     5994 MB
    Driver:   32.0.15.9571
Initialize mono
Mono path[0] = 'C:/Program Files/Unity/Hub/Editor/6000.3.10f1/Editor/Data/Managed'
Mono path[1] = 'C:/Program Files/Unity/Hub/Editor/6000.3.10f1/Editor/Data/MonoBleedingEdge/lib/mono/unityjit-win32'
Mono config path = 'C:/Program Files/Unity/Hub/Editor/6000.3.10f1/Editor/Data/MonoBleedingEdge/etc'
Using monoOptions --debugger-agent=transport=dt_socket,embedding=1,server=y,suspend=n,address=127.0.0.1:56076
Using cacheserver namespaces - metadata:defaultmetadata, artifacts:defaultartifacts
Using cacheserver namespaces - metadata:defaultmetadata, artifacts:defaultartifacts
ImportWorker Server TCP listen port: 0
AcceleratorClientConnectionCallback - disconnected - :0
Begin MonoManager ReloadAssembly
Registering precompiled unity dll's ...
Register platform support module: C:/Program Files/Unity/Hub/Editor/6000.3.10f1/Editor/Data/PlaybackEngines/WindowsStandaloneSupport/UnityEditor.WindowsStandalone.Extensions.dll
Registered in 0.004407 seconds.
- Loaded All Assemblies, in  0.804 seconds
Native extension for WindowsStandalone target not found
ScheduleIndexationOnStartup MainProcess:False IndexOnStartup:True
Mono: successfully reloaded assembly
- Finished resetting the current domain, in  0.885 seconds
Domain Reload Profiling: 1683ms
	BeginReloadAssembly (278ms)
		ExecutionOrderSort (0ms)
		DisableScriptedObjects (0ms)
		BackupInstance (0ms)
		ReleaseScriptingObjects (0ms)
		CreateAndSetChildDomain (20ms)
	RebuildCommonClasses (73ms)
	RebuildNativeTypeToScriptingClass (24ms)
	initialDomainReloadingComplete (101ms)
	LoadAllAssembliesAndSetupDomain (321ms)
		LoadAssemblies (251ms)
		RebuildTransferFunctionScriptingTraits (0ms)
		AnalyzeDomain (315ms)
			TypeCache.Refresh (312ms)
				TypeCache.ScanAssembly (288ms)
			BuildScriptInfoCaches (0ms)
			ResolveRequiredComponents (1ms)
	FinalizeReload (886ms)
		ReleaseScriptCaches (0ms)
		RebuildScriptCaches (0ms)
		SetupLoadedEditorAssemblies (808ms)
			LogAssemblyErrors (0ms)
			InitializePlatformSupportModulesInManaged (104ms)
			SetLoadedEditorAssemblies (7ms)
			BeforeProcessingInitializeOnLoad (181ms)
			ProcessInitializeOnLoadAttributes (361ms)
			ProcessInitializeOnLoadMethodAttributes (154ms)
			AfterProcessingInitializeOnLoad (0ms)
			EditorAssembliesLoaded (0ms)
		ExecutionOrderSort2 (0ms)
		AwakeInstancesAfterBackupRestoration (0ms)
[Licensing::Client] Successfully resolved entitlement details
Application.AssetDatabase Initial Refresh Start
Package Manager log level set to [2]
[Package Manager] Restoring resolved packages state from cache
[Licensing::Client] Successfully resolved entitlement details
[Package Manager] Registered 65 packages:
  Packages from [https://packages.unity.com]:
    com.unity.2d.animation@13.0.4 (location: C:\Users\Ajay Kumaran\Desktop\Classes\Video Games\B-Tier-Hoops\Library\PackageCache\com.unity.2d.animation@7396d8477ca9)
    com.unity.2d.aseprite@3.0.1 (location: C:\Users\Ajay Kumaran\Desktop\Classes\Video Games\B-Tier-Hoops\Library\PackageCache\com.unity.2d.aseprite@809e3a168ff7)
    com.unity.2d.psdimporter@12.0.1 (location: C:\Users\Ajay Kumaran\Desktop\Classes\Video Games\B-Tier-Hoops\Library\PackageCache\com.unity.2d.psdimporter@9abe0f7cac7e)
    com.unity.2d.spriteshape@13.0.0 (location: C:\Users\Ajay Kumaran\Desktop\Classes\Video Games\B-Tier-Hoops\Library\PackageCache\com.unity.2d.spriteshape@0738bab11647)
    com.unity.2d.tilemap.extras@6.0.1 (location: C:\Users\Ajay Kumaran\Desktop\Classes\Video Games\B-Tier-Hoops\Library\PackageCache\com.unity.2d.tilemap.extras@3dde84bf3867)
    com.unity.2d.tooling@1.0.2 (location: C:\Users\Ajay Kumaran\Desktop\Classes\Video Games\B-Tier-Hoops\Library\PackageCache\com.unity.2d.tooling@249995156768)
    com.unity.collab-proxy@2.11.3 (location: C:\Users\Ajay Kumaran\Desktop\Classes\Video Games\B-Tier-Hoops\Library\PackageCache\com.unity.collab-proxy@e566cd3e7623)
    com.unity.ide.rider@3.0.39 (location: C:\Users\Ajay Kumaran\Desktop\Classes\Video Games\B-Tier-Hoops\Library\PackageCache\com.unity.ide.rider@4504839d03f7)
    com.unity.ide.visualstudio@2.0.26 (location: C:\Users\Ajay Kumaran\Desktop\Classes\Video Games\B-Tier-Hoops\Library\PackageCache\com.unity.ide.visualstudio@a99d56dec63f)
    com.unity.inputsystem@1.18.0 (location: C:\Users\Ajay Kumaran\Desktop\Classes\Video Games\B-Tier-Hoops\Library\PackageCache\com.unity.inputsystem@57d0e36f6123)
    com.unity.timeline@1.8.10 (location: C:\Users\Ajay Kumaran\Desktop\Classes\Video Games\B-Tier-Hoops\Library\PackageCache\com.unity.timeline@7f8b2fb101b6)
    com.unity.visualscripting@1.9.9 (location: C:\Users\Ajay Kumaran\Desktop\Classes\Video Games\B-Tier-Hoops\Library\PackageCache\com.unity.visualscripting@191c0d7e3b69)
    com.unity.2d.common@12.0.2 (location: C:\Users\Ajay Kumaran\Desktop\Classes\Video Games\B-Tier-Hoops\Library\PackageCache\com.unity.2d.common@800085e896ad)
    com.unity.mathematics@1.3.3 (location: C:\Users\Ajay Kumaran\Desktop\Classes\Video Games\B-Tier-Hoops\Library\PackageCache\com.unity.mathematics@19a9377c4ffa)
    com.unity.collections@2.6.2 (location: C:\Users\Ajay Kumaran\Desktop\Classes\Video Games\B-Tier-Hoops\Library\PackageCache\com.unity.collections@aea9d3bd5e19)
    com.unity.searcher@4.9.4 (location: C:\Users\Ajay Kumaran\Desktop\Classes\Video Games\B-Tier-Hoops\Library\PackageCache\com.unity.searcher@d45a78918735)
    com.unity.burst@1.8.28 (location: C:\Users\Ajay Kumaran\Desktop\Classes\Video Games\B-Tier-Hoops\Library\PackageCache\com.unity.burst@07790c2d06d9)
    com.unity.nuget.mono-cecil@1.11.6 (location: C:\Users\Ajay Kumaran\Desktop\Classes\Video Games\B-Tier-Hoops\Library\PackageCache\com.unity.nuget.mono-cecil@ecb9724e46ff)
    com.unity.test-framework.performance@3.2.0 (location: C:\Users\Ajay Kumaran\Desktop\Classes\Video Games\B-Tier-Hoops\Library\PackageCache\com.unity.test-framework.performance@0840f58e4562)
  Built-in packages:
    com.unity.2d.sprite@1.0.0 (location: C:\Users\Ajay Kumaran\Desktop\Classes\Video Games\B-Tier-Hoops\Library\PackageCache\com.unity.2d.sprite@d14b9d497a24)
    com.unity.2d.tilemap@1.0.0 (location: C:\Users\Ajay Kumaran\Desktop\Classes\Video Games\B-Tier-Hoops\Library\PackageCache\com.unity.2d.tilemap@f011712243ad)
    com.unity.multiplayer.center@1.0.1 (location: C:\Users\Ajay Kumaran\Desktop\Classes\Video Games\B-Tier-Hoops\Library\PackageCache\com.unity.multiplayer.center@f01f4ba8d00a)
    com.unity.render-pipelines.universal@17.3.0 (location: C:\Users\Ajay Kumaran\Desktop\Classes\Video Games\B-Tier-Hoops\Library\PackageCache\com.unity.render-pipelines.universal@37e0d4fc2503)
    com.unity.test-framework@1.6.0 (location: C:\Users\Ajay Kumaran\Desktop\Classes\Video Games\B-Tier-Hoops\Library\PackageCache\com.unity.test-framework@0b7a23ab2e1d)
    com.unity.ugui@2.0.0 (location: C:\Users\Ajay Kumaran\Desktop\Classes\Video Games\B-Tier-Hoops\Library\PackageCache\com.unity.ugui@bb329a87fcdc)
    com.unity.modules.accessibility@1.0.0 (location: C:\Users\Ajay Kumaran\Desktop\Classes\Video Games\B-Tier-Hoops\Library\PackageCache\com.unity.modules.accessibility)
    com.unity.modules.adaptiveperformance@1.0.0 (location: C:\Users\Ajay Kumaran\Desktop\Classes\Video Games\B-Tier-Hoops\Library\PackageCache\com.unity.modules.adaptiveperformance)
    com.unity.modules.ai@1.0.0 (location: C:\Users\Ajay Kumaran\Desktop\Classes\Video Games\B-Tier-Hoops\Library\PackageCache\com.unity.modules.ai)
    com.unity.modules.androidjni@1.0.0 (location: C:\Users\Ajay Kumaran\Desktop\Classes\Video Games\B-Tier-Hoops\Library\PackageCache\com.unity.modules.androidjni)
    com.unity.modules.animation@1.0.0 (location: C:\Users\Ajay Kumaran\Desktop\Classes\Video Games\B-Tier-Hoops\Library\PackageCache\com.unity.modules.animation)
    com.unity.modules.assetbundle@1.0.0 (location: C:\Users\Ajay Kumaran\Desktop\Classes\Video Games\B-Tier-Hoops\Library\PackageCache\com.unity.modules.assetbundle)
    com.unity.modules.audio@1.0.0 (location: C:\Users\Ajay Kumaran\Desktop\Classes\Video Games\B-Tier-Hoops\Library\PackageCache\com.unity.modules.audio)
    com.unity.modules.cloth@1.0.0 (location: C:\Users\Ajay Kumaran\Desktop\Classes\Video Games\B-Tier-Hoops\Library\PackageCache\com.unity.modules.cloth)
    com.unity.modules.director@1.0.0 (location: C:\Users\Ajay Kumaran\Desktop\Classes\Video Games\B-Tier-Hoops\Library\PackageCache\com.unity.modules.director)
    com.unity.modules.imageconversion@1.0.0 (location: C:\Users\Ajay Kumaran\Desktop\Classes\Video Games\B-Tier-Hoops\Library\PackageCache\com.unity.modules.imageconversion)
    com.unity.modules.imgui@1.0.0 (location: C:\Users\Ajay Kumaran\Desktop\Classes\Video Games\B-Tier-Hoops\Library\PackageCache\com.unity.modules.imgui)
    com.unity.modules.jsonserialize@1.0.0 (location: C:\Users\Ajay Kumaran\Desktop\Classes\Video Games\B-Tier-Hoops\Library\PackageCache\com.unity.modules.jsonserialize)
    com.unity.modules.particlesystem@1.0.0 (location: C:\Users\Ajay Kumaran\Desktop\Classes\Video Games\B-Tier-Hoops\Library\PackageCache\com.unity.modules.particlesystem)
    com.unity.modules.physics@1.0.0 (location: C:\Users\Ajay Kumaran\Desktop\Classes\Video Games\B-Tier-Hoops\Library\PackageCache\com.unity.modules.physics)
    com.unity.modules.physics2d@1.0.0 (location: C:\Users\Ajay Kumaran\Desktop\Classes\Video Games\B-Tier-Hoops\Library\PackageCache\com.unity.modules.physics2d)
    com.unity.modules.screencapture@1.0.0 (location: C:\Users\Ajay Kumaran\Desktop\Classes\Video Games\B-Tier-Hoops\Library\PackageCache\com.unity.modules.screencapture)
    com.unity.modules.terrain@1.0.0 (location: C:\Users\Ajay Kumaran\Desktop\Classes\Video Games\B-Tier-Hoops\Library\PackageCache\com.unity.modules.terrain)
    com.unity.modules.terrainphysics@1.0.0 (location: C:\Users\Ajay Kumaran\Desktop\Classes\Video Games\B-Tier-Hoops\Library\PackageCache\com.unity.modules.terrainphysics)
    com.unity.modules.tilemap@1.0.0 (location: C:\Users\Ajay Kumaran\Desktop\Classes\Video Games\B-Tier-Hoops\Library\PackageCache\com.unity.modules.tilemap)
    com.unity.modules.ui@1.0.0 (location: C:\Users\Ajay Kumaran\Desktop\Classes\Video Games\B-Tier-Hoops\Library\PackageCache\com.unity.modules.ui)
    com.unity.modules.uielements@1.0.0 (location: C:\Users\Ajay Kumaran\Desktop\Classes\Video Games\B-Tier-Hoops\Library\PackageCache\com.unity.modules.uielements)
    com.unity.modules.umbra@1.0.0 (location: C:\Users\Ajay Kumaran\Desktop\Classes\Video Games\B-Tier-Hoops\Library\PackageCache\com.unity.modules.umbra)
    com.unity.modules.unityanalytics@1.0.0 (location: C:\Users\Ajay Kumaran\Desktop\Classes\Video Games\B-Tier-Hoops\Library\PackageCache\com.unity.modules.unityanalytics)
    com.unity.modules.unitywebrequest@1.0.0 (location: C:\Users\Ajay Kumaran\Desktop\Classes\Video Games\B-Tier-Hoops\Library\PackageCache\com.unity.modules.unitywebrequest)
    com.unity.modules.unitywebrequestassetbundle@1.0.0 (location: C:\Users\Ajay Kumaran\Desktop\Classes\Video Games\B-Tier-Hoops\Library\PackageCache\com.unity.modules.unitywebrequestassetbundle)
    com.unity.modules.unitywebrequestaudio@1.0.0 (location: C:\Users\Ajay Kumaran\Desktop\Classes\Video Games\B-Tier-Hoops\Library\PackageCache\com.unity.modules.unitywebrequestaudio)
    com.unity.modules.unitywebrequesttexture@1.0.0 (location: C:\Users\Ajay Kumaran\Desktop\Classes\Video Games\B-Tier-Hoops\Library\PackageCache\com.unity.modules.unitywebrequesttexture)
    com.unity.modules.unitywebrequestwww@1.0.0 (location: C:\Users\Ajay Kumaran\Desktop\Classes\Video Games\B-Tier-Hoops\Library\PackageCache\com.unity.modules.unitywebrequestwww)
    com.unity.modules.vectorgraphics@1.0.0 (location: C:\Users\Ajay Kumaran\Desktop\Classes\Video Games\B-Tier-Hoops\Library\PackageCache\com.unity.modules.vectorgraphics)
    com.unity.modules.vehicles@1.0.0 (location: C:\Users\Ajay Kumaran\Desktop\Classes\Video Games\B-Tier-Hoops\Library\PackageCache\com.unity.modules.vehicles)
    com.unity.modules.video@1.0.0 (location: C:\Users\Ajay Kumaran\Desktop\Classes\Video Games\B-Tier-Hoops\Library\PackageCache\com.unity.modules.video)
    com.unity.modules.vr@1.0.0 (location: C:\Users\Ajay Kumaran\Desktop\Classes\Video Games\B-Tier-Hoops\Library\PackageCache\com.unity.modules.vr)
    com.unity.modules.wind@1.0.0 (location: C:\Users\Ajay Kumaran\Desktop\Classes\Video Games\B-Tier-Hoops\Library\PackageCache\com.unity.modules.wind)
    com.unity.modules.xr@1.0.0 (location: C:\Users\Ajay Kumaran\Desktop\Classes\Video Games\B-Tier-Hoops\Library\PackageCache\com.unity.modules.xr)
    com.unity.modules.subsystems@1.0.0 (location: C:\Users\Ajay Kumaran\Desktop\Classes\Video Games\B-Tier-Hoops\Library\PackageCache\com.unity.modules.subsystems)
    com.unity.modules.hierarchycore@1.0.0 (location: C:\Users\Ajay Kumaran\Desktop\Classes\Video Games\B-Tier-Hoops\Library\PackageCache\com.unity.modules.hierarchycore)
    com.unity.ext.nunit@2.0.5 (location: C:\Users\Ajay Kumaran\Desktop\Classes\Video Games\B-Tier-Hoops\Library\PackageCache\com.unity.ext.nunit@d8c07649098d)
    com.unity.render-pipelines.core@17.3.0 (location: C:\Users\Ajay Kumaran\Desktop\Classes\Video Games\B-Tier-Hoops\Library\PackageCache\com.unity.render-pipelines.core@04ab0eefa0c3)
    com.unity.shadergraph@17.3.0 (location: C:\Users\Ajay Kumaran\Desktop\Classes\Video Games\B-Tier-Hoops\Library\PackageCache\com.unity.shadergraph@c8830f61858d)
    com.unity.render-pipelines.universal-config@17.0.3 (location: C:\Users\Ajay Kumaran\Desktop\Classes\Video Games\B-Tier-Hoops\Library\PackageCache\com.unity.render-pipelines.universal-config@8dc1aab4af1d)
[Subsystems] No new subsystems found in resolved package list.
[Package Manager] Done registering packages in 0.05 seconds
Starting: C:\Program Files\Unity\Hub\Editor\6000.3.10f1\Editor\Data\Tools\BuildPipeline\bee_backend.exe --ipc --defer-dag-verification --dagfile="Library/Bee/500b0aE.dag" --continue-on-failure --profile="Library/Bee/backend1.traceevents" ScriptAssemblies
WorkingDir: C:/Users/Ajay Kumaran/Desktop/Classes/Video Games/B-Tier-Hoops
DisplayProgressbar: Compiling Scripts
Starting: C:\Program Files\Unity\Hub\Editor\6000.3.10f1\Editor\Data\netcorerun\netcorerun.exe "C:\Program Files\Unity\Hub\Editor\6000.3.10f1\Editor\Data\Tools\BuildPipeline\ScriptCompilationBuildProgram.exe" "Library/Bee/500b0aE.dag.json" "Library/Bee/500b0aE-inputdata.json" "Library\Bee\buildprogram0.traceevents"
WorkingDir: C:/Users/Ajay Kumaran/Desktop/Classes/Video Games/B-Tier-Hoops
ExitCode: 4 Duration: 0s605ms
Rebuilding DAG because FileSignature timestamp changed: Library/Bee/500b0aE-inputdata.json
[ 811/1043  0s] ILPP-Configuration Library/ilpp-configuration.nevergeneratedoutput
*** Tundra requires additional run (0.53 seconds), 1 items updated, 810 evaluated
ExitCode: 0 Duration: 1s504ms
Starting: C:\Program Files\Unity\Hub\Editor\6000.3.10f1\Editor\Data\Tools\BuildPipeline\bee_backend.exe --ipc --defer-dag-verification --dagfile="Library/Bee/500b0aE.dag" --continue-on-failure --dagfilejson="Library\Bee\500b0aE.dag.json" --profile="Library/Bee/backend2.traceevents" ScriptAssemblies
WorkingDir: C:/Users/Ajay Kumaran/Desktop/Classes/Video Games/B-Tier-Hoops
ExitCode: 0 Duration: 0s929ms
Finished compiling graph: 1047 nodes, 20126 flattened edges (16490 ToBuild, 166 ToUse), maximum node priority 1186
[ 811/1043  0s] ILPP-Configuration Library/ilpp-configuration.nevergeneratedoutput
*** Tundra build success (0.88 seconds), 1 items updated, 1043 evaluated
AssetDatabase: script compilation time: 3.948952s
Begin MonoManager ReloadAssembly
- Loaded All Assemblies, in  1.736 seconds
Refreshing native plugins compatible for Editor in 4.15 ms, found 4 plugins.
Native extension for WindowsStandalone target not found
ScheduleIndexationOnStartup MainProcess:True IndexOnStartup:True
Mono: successfully reloaded assembly
- Finished resetting the current domain, in  6.867 seconds
Domain Reload Profiling: 8588ms
	BeginReloadAssembly (469ms)
		ExecutionOrderSort (0ms)
		DisableScriptedObjects (23ms)
		BackupInstance (0ms)
		ReleaseScriptingObjects (0ms)
		CreateAndSetChildDomain (178ms)
	RebuildCommonClasses (71ms)
	RebuildNativeTypeToScriptingClass (24ms)
	initialDomainReloadingComplete (66ms)
	LoadAllAssembliesAndSetupDomain (1090ms)
		LoadAssemblies (741ms)
		RebuildTransferFunctionScriptingTraits (0ms)
		AnalyzeDomain (550ms)
			TypeCache.Refresh (355ms)
				TypeCache.ScanAssembly (335ms)
			BuildScriptInfoCaches (166ms)
			ResolveRequiredComponents (22ms)
	FinalizeReload (6869ms)
		ReleaseScriptCaches (0ms)
		RebuildScriptCaches (0ms)
		SetupLoadedEditorAssemblies (6516ms)
			LogAssemblyErrors (0ms)
			InitializePlatformSupportModulesInManaged (46ms)
			SetLoadedEditorAssemblies (10ms)
			BeforeProcessingInitializeOnLoad (407ms)
			ProcessInitializeOnLoadAttributes (5749ms)
			ProcessInitializeOnLoadMethodAttributes (288ms)
			AfterProcessingInitializeOnLoad (15ms)
			EditorAssembliesLoaded (1ms)
		ExecutionOrderSort2 (0ms)
		AwakeInstancesAfterBackupRestoration (25ms)
Start importing Packages/com.unity.render-pipelines.core/Tests/Editor/UnifiedRayTracing/TraceRays.urtshader using Guid(1142bbad8b9e8c44c83a9775ff120d37) (ScriptedImporter)Launched and connected shader compiler UnityShaderCompiler.exe after 0.02 seconds

Compiling Ray Tracing Shader "TraceRays.urtshader", keywords = <no keywords>
    finished in 0.01 seconds. Local cache hits 1, remote cache hits 0, compiled 0 platform variants
 -> (artifact id: '1d6c98beed59f95fac77799e819dba5c') in 0.1348707 seconds
Start importing Packages/com.unity.render-pipelines.universal/Runtime/RendererFeatures/SurfaceCacheGI/SurfaceCacheCore/RisEstimation.urtshader using Guid(713f6141bd66a134383b787f2eaa7c11) (ScriptedImporter)
Compiling Ray Tracing Shader "RisEstimation.urtshader", keywords = <no keywords>
    finished in 0.00 seconds. Local cache hits 1, remote cache hits 0, compiled 0 platform variants
 -> (artifact id: '3cea5ec169a0fd81408860e8b8b889cf') in 0.0322844 seconds
Start importing Packages/com.unity.render-pipelines.core/Editor/Lighting/ProbeVolume/RenderingLayerMask/TraceRenderingLayerMask.urtshader using Guid(94a070d33e408384bafc1dea4a565df9) (ScriptedImporter)
Compiling Ray Tracing Shader "TraceRenderingLayerMask.urtshader", keywords = <no keywords>
    finished in 0.00 seconds. Local cache hits 1, remote cache hits 0, compiled 0 platform variants
 -> (artifact id: 'f8231020757e98146e2b5b9b9e1cb94f') in 0.0322162 seconds
Start importing Packages/com.unity.render-pipelines.universal/Runtime/RendererFeatures/SurfaceCacheGI/SurfaceCacheCore/UniformEstimation.urtshader using Guid(94a39d12848d8d64ca962a72b74e7c50) (ScriptedImporter)
Compiling Ray Tracing Shader "UniformEstimation.urtshader", keywords = <no keywords>
    finished in 0.00 seconds. Local cache hits 1, remote cache hits 0, compiled 0 platform variants
 -> (artifact id: 'a535e078888d8e2636ddecb7e61e628f') in 0.0225345 seconds
Start importing Packages/com.unity.render-pipelines.core/Tests/Editor/UnifiedRayTracing/TraceTransparentRays.urtshader using Guid(6513c3b892e933c4f8d00c19d5c47532) (ScriptedImporter)
Compiling Ray Tracing Shader "TraceTransparentRays.urtshader", keywords = <no keywords>
    finished in 0.00 seconds. Local cache hits 1, remote cache hits 0, compiled 0 platform variants
 -> (artifact id: 'e61cea1b66d061e3af4b00c459e982b7') in 0.012521 seconds
Start importing Packages/com.unity.render-pipelines.core/Editor/Lighting/ProbeVolume/DynamicGI/DynamicGISkyOcclusion.urtshader using Guid(5a2a534753fbdb44e96c3c78b5a6999d) (ScriptedImporter)
Compiling Ray Tracing Shader "DynamicGISkyOcclusion.urtshader", keywords = <no keywords>
    finished in 0.00 seconds. Local cache hits 1, remote cache hits 0, compiled 0 platform variants
 -> (artifact id: '0605a58f9e2b3b531b1dcd432de8ffb5') in 0.0191479 seconds
Start importing Packages/com.unity.render-pipelines.core/Tests/Editor/UnifiedRayTracing/TraceRaysAndFetchAttributes.urtshader using Guid(fbc59f55df2416344b008dc23753cae2) (ScriptedImporter)
Compiling Ray Tracing Shader "TraceRaysAndFetchAttributes.urtshader", keywords = <no keywords>
    finished in 0.00 seconds. Local cache hits 1, remote cache hits 0, compiled 0 platform variants
 -> (artifact id: '6058585ba680942def70b755c2c9d2d8') in 0.0157753 seconds
Start importing Packages/com.unity.render-pipelines.universal/Runtime/RendererFeatures/SurfaceCacheGI/SurfaceCacheCore/RestirCandidateTemporal.urtshader using Guid(ad3a9f9982f8c4f4a839a78955e78458) (ScriptedImporter)
Compiling Ray Tracing Shader "RestirCandidateTemporal.urtshader", keywords = <no keywords>
    finished in 0.00 seconds. Local cache hits 1, remote cache hits 0, compiled 0 platform variants
 -> (artifact id: 'dee66ae423c4cfe601aa812d839f7bdd') in 0.0215787 seconds
Start importing Packages/com.unity.render-pipelines.core/Editor/Lighting/ProbeVolume/VirtualOffset/TraceVirtualOffset.urtshader using Guid(ff2cbab5da58bf04d82c5f34037ed123) (ScriptedImporter)
Compiling Ray Tracing Shader "TraceVirtualOffset.urtshader", keywords = <no keywords>
    finished in 0.00 seconds. Local cache hits 1, remote cache hits 0, compiled 0 platform variants
 -> (artifact id: '2f9e30a58e9d7ed4e8f3acbb26c1a03a') in 0.0259902 seconds
Refreshing native plugins compatible for Editor in 5.92 ms, found 4 plugins.
Preloading 0 native plugins for Editor in 0.00 ms.
Asset Pipeline Refresh (id=f71cf241011afa24aa9946a49b2632f5): Total: 14.879 seconds - Initiated by InitialRefreshV2(ForceSynchronousImport)
	Summary:
		Imports: total=0 (actual=0, local cache=0, cache server=0)
		Asset DB Process Time: managed=24 ms, native=8227 ms
		Asset DB Callback time: managed=492 ms, native=310 ms
		Scripting: domain reloads=1, domain reload time=1736 ms, compile time=3952 ms, other=136 ms
		Project Asset Count: scripts=1496, non-scripts=3242
		Asset File Changes: new=0, changed=0, moved=0, deleted=0
		Scan Filter Count: 0
	InvokeCustomDependenciesCallbacks: 0.004ms
	InvokePackagesCallback: 56.342ms
	ApplyChangesToAssetFolders: 1.432ms
	Scan: 258.151ms
	OnSourceAssetsModified: 0.004ms
	CategorizeAssetsWithTransientArtifact: 109.264ms
	ProcessAssetsWithTransientArtifactChanges: 162.665ms
	CategorizeAssets: 121.031ms
	ImportOutOfDateAssets: 7251.440ms (2904.253ms without children)
		ImportManagerImport: 359.101ms (35.532ms without children)
			ImportInProcess: 323.569ms
		CompileScripts: 3951.645ms
		ReloadNativeAssets: 0.085ms
		UnloadImportedAssets: 1.838ms
		ReloadImportedAssets: 31.536ms
		EnsureUptoDateAssetsAreRegisteredWithGuidPM: 2.051ms
		InitializingProgressBar: 0.012ms
		PostProcessAllAssetNotificationsAddChangedAssets: 0.001ms
		OnDemandSchedulerStart: 0.919ms
	PostProcessAllAssets: 740.797ms
	Hotreload: 10.021ms
	GatherAllCurrentPrimaryArtifactRevisions: 0.005ms
	UnloadStreamsBegin: 4.111ms
	PersistCurrentRevisions: 0.448ms
	UnloadStreamsEnd: 0.002ms
	GenerateScriptTypeHashes: 6.443ms
	Untracked: 6163.510ms

Application.AssetDatabase Initial Refresh End
Scanning for USB devices : 6.032ms
Initializing Unity extensions:
[MODES] ModeService[none].Initialize
[MODES] ModeService[none].LoadModes
[MODES] Loading mode Default (0) for mode-current-id-My project
Unloading 25 Unused Serialized files (Serialized files now loaded: 0)
Unloading 6991 unused Assets / (6.0 MB). Loaded Objects now: 7828.
Memory consumption went from 216.5 MB to 210.5 MB.
Total: 28.897000 ms (FindLiveObjects: 1.223600 ms CreateObjectMapping: 1.352400 ms MarkObjects: 19.645700 ms  DeleteObjects: 6.672700 ms)

Opening scene 'Assets/Scenes/Game.unity'
Unloading 1 Unused Serialized files (Serialized files now loaded: 0)
Loaded scene 'Assets/Scenes/Game.unity'
	Deserialize:            7.024 ms
	Integration:            427.058 ms
	Integration of assets:  0.009 ms
	Thread Wait Time:       0.026 ms
	Total Operation Time:   434.117 ms
Unloading 4 unused Assets / (3.7 MB). Loaded Objects now: 7834.
Memory consumption went from 202.9 MB to 199.2 MB.
Total: 15.932100 ms (FindLiveObjects: 0.584100 ms CreateObjectMapping: 0.402500 ms MarkObjects: 14.745700 ms  DeleteObjects: 0.197100 ms)

Start importing Assets/Scenes/Game.unity using Guid(8c9cfa26abfee488c85f1582747f6a02) (DefaultImporter) -> (artifact id: '3e44d4927456b8c14958773a8318d818') in 0.0041035 seconds
Refreshing native plugins compatible for Editor in 4.01 ms, found 4 plugins.
Preloading 0 native plugins for Editor in 0.00 ms.
Asset Pipeline Refresh (id=5665d0c97a780814e849adf6107bddd5): Total: 0.143 seconds - Initiated by StopAssetImportingV2(NoUpdateAssetOptions)
[BTierHoops] Game scene built and saved to Assets/Scenes/Game.unity — AI default = tier F (overridden by MatchSettings.SelectedTier at runtime).
UnityEngine.Debug:ExtractStackTraceNoAlloc (byte*,int,string)
UnityEngine.StackTraceUtility:ExtractStackTrace ()
UnityEngine.DebugLogHandler:Internal_Log (UnityEngine.LogType,UnityEngine.LogOption,string,UnityEngine.Object)
UnityEngine.DebugLogHandler:LogFormat (UnityEngine.LogType,UnityEngine.Object,string,object[])
UnityEngine.Logger:Log (UnityEngine.LogType,object)
UnityEngine.Debug:Log (object)
CourtBuilder:BuildGameScene (AIController/Tier) (at Assets/Editor/CourtBuilder.cs:175)
CourtBuilder:BuildGameSceneVsF () (at Assets/Editor/CourtBuilder.cs:72)

(Filename: Assets/Editor/CourtBuilder.cs Line: 175)

Batchmode quit successfully invoked - shutting down!
[Physics::Module] Cleanup current backend.
[Physics::Module] Id: 0xf2b8ea05
Input System module state changed to: ShutdownInProgress.
Input System polling thread exited.
Input System module state changed to: Shutdown.
[Licensing::IpcConnector] LicenseClient-Ajay Kumaran-notifications channel disconnected successfully.
[Licensing::IpcConnector] LicenseClient-Ajay Kumaran channel disconnected successfully.
AcceleratorClientConnectionCallback - disconnected - :0
Cleanup mono
Exiting batchmode successfully now!
Exiting without the bug reporter. Application will terminate with return code 0