[Licensing::Module] Trying to connect to existing licensing client channel...
Built from '6000.3/staging' branch; Version is '6000.3.10f1 (e35f0c77bd8e) revision 14901004'; Using compiler version '194234433'; Build Type 'Release'
OS: 'Windows 11  (10.0.26200) Core' Language: 'en' Physical Memory: 15774 MB
[Licensing::IpcConnector] Successfully connected to: "LicenseClient-Ajay Kumaran" at "2026-05-03T19:50:36.0543603Z"
BatchMode: 1, IsHumanControllingUs: 0, StartBugReporterOnCrash: 0, Is64bit: 1
System  architecture: x64
Process architecture: x64
Date: 2026-05-03T19:50:36Z

COMMAND LINE ARGUMENTS:
C:\Program Files\Unity\Hub\Editor\6000.3.10f1\Editor\Unity.exe
-batchmode
-projectPath
C:\Users\Ajay Kumaran\Desktop\Classes\Video Games\B-Tier-Hoops
-executeMethod
MainMenuBuilder.SetupBuildSettings
-quit
-nographics
-logFile
C:\Users\Ajay Kumaran\Desktop\Classes\Video Games\B-Tier-Hoops\build-settings.log
Successfully changed project path to: C:\Users\Ajay Kumaran\Desktop\Classes\Video Games\B-Tier-Hoops
C:/Users/Ajay Kumaran/Desktop/Classes/Video Games/B-Tier-Hoops
Exiting without the bug reporter. Application will terminate with return code 1